{"level":"info","message":"DEV DB CONFIG","service":"user-service"}
{"level":"info","message":"App listening on port 3000!","service":"user-service"}
{ level: 'info',
  message: 'DEV DB CONFIG',
  service: 'user-service',
  timestamp: '2019-03-04T03:11:21.148Z' }
{ level: 'info',
  message: 'App listening on port 3000!',
  service: 'user-service',
  timestamp: '2019-03-04T03:11:21.160Z' }
{ level: 'info',
  message: 'DEV DB CONFIG',
  service: 'user-service',
  timestamp: '2019-03-04T03:17:09.055Z' }
{ level: 'info',
  message: 'App listening on port 3000!',
  service: 'user-service',
  timestamp: '2019-03-04T03:17:09.068Z' }
{ level: 'info',
  message: 'DEV DB CONFIG',
  service: 'user-service',
  timestamp: '2019-03-04T03:20:58.559Z' }
{ level: 'info',
  message: 'App listening on port 3000!',
  service: 'user-service',
  timestamp: '2019-03-04T03:20:58.573Z' }
{ level: 'info',
  message: 'DEV DB CONFIG',
  service: 'user-service',
  timestamp: '2019-03-04T03:21:06.336Z' }
{ level: 'info',
  message: 'App listening on port 3000!',
  service: 'user-service',
  timestamp: '2019-03-04T03:21:06.352Z' }
{ service: 'user-service',
  get_user_by_id:
   { user_id: 1,
     email: 'soccerkl@msn.com',
     first_name: 'kevin',
     last_name: 'lewis',
     share_opportunities: 1,
     share_applied: 1,
     share_interviews: 1,
     share_offers: 1,
     is_private: 0,
     profile_image_file_id: null,
     bio: 'welcome to my profile',
     create_datetime: '2019-02-14T09:46:28.664668',
     update_datetime: '2019-02-14T09:46:28.664668' },
  level: 'info',
  message: '/user/id/:id DATA:',
  timestamp: '2019-03-04T03:22:41.427Z' }
{ service: 'user-service',
  get_jobs_by_user_id:
   [ { jobs_id: 186,
       job_title: 'TEST4',
       company_name: 'TEST4',
       link: 'https://google.com',
       notes: null,
       attachments: null,
       user_id: 1,
       create_datetime: '2019-02-26T21:09:41.193908',
       update_datetime: '2019-02-26T21:09:41.193908',
       job_type_id: 1,
       contacts:
        [ { contacts_id: 8,
            name: 'Matt',
            job_title: 'Cloud Engineer',
            email: 'matt@matt.com',
            phone_number: '9999999999',
            notes: 'good guy',
            create_datetime: '2019-02-26T21:09:41.213738' } ] },
     { jobs_id: 172,
       job_title: 'TEST2',
       company_name: 'TEST2',
       link: 'https://google.com',
       notes: 'Testing all fields being entered',
       attachments:
        [ { file_id: 7,
            original_name: 'init.sql',
            file_path:
             'https://jobtrak.s3.amazonaws.com/d7724bfd2442d0fd77d3f55537d994fe5187fed2ec37506fea394aed86257f0b',
            file_name:
             'd7724bfd2442d0fd77d3f55537d994fe5187fed2ec37506fea394aed86257f0b',
            size: 274,
            file_type_id: 2,
            create_datetime: '2019-02-25T22:10:25.423572' },
          { file_id: 8,
            original_name: 'jobtrakme.sql.archive',
            file_path:
             'https://jobtrak.s3.amazonaws.com/e6f68c05e2f861d6d6dfa11fb871b257a1ec77b83df835e85714817fbcf2a154',
            file_name:
             'e6f68c05e2f861d6d6dfa11fb871b257a1ec77b83df835e85714817fbcf2a154',
            size: 2551,
            file_type_id: 2,
            create_datetime: '2019-02-25T22:10:25.426105' } ],
       user_id: 1,
       create_datetime: '2019-02-25T22:10:28.049505',
       update_datetime: '2019-02-25T22:10:28.049505',
       job_type_id: 1,
       contacts:
        [ { contacts_id: 12,
            name: 'Kevin',
            job_title: 'NICE?',
            email: null,
            phone_number: null,
            notes: null,
            create_datetime: '2019-02-28T22:03:27.413853' } ] },
     { jobs_id: 170,
       job_title: 'TEST',
       company_name: 'TEST',
       link: 'https://google.com',
       notes: null,
       attachments:
        [ { file_id: 4,
            original_name: 'jobtrakme.sql.archive',
            file_path:
             'https://jobtrak.s3.amazonaws.com/82e1f3bd65262cd78f90aa9434b8d25f9bef2012fc3b2f8a9b5dc73ccc5f5ea8',
            file_name:
             '82e1f3bd65262cd78f90aa9434b8d25f9bef2012fc3b2f8a9b5dc73ccc5f5ea8',
            size: 2551,
            file_type_id: 2,
            create_datetime: '2019-02-25T21:58:58.700096' } ],
       user_id: 1,
       create_datetime: '2019-02-25T21:58:59.764119',
       update_datetime: '2019-02-25T21:58:59.764119',
       job_type_id: 1,
       contacts: null },
     { jobs_id: 187,
       job_title: 'TEST5',
       company_name: 'TEST5',
       link: 'https://google.com',
       notes: null,
       attachments:
        [ { file_id: 10,
            original_name: 'init.sql',
            file_path:
             'https://jobtrak.s3.amazonaws.com/598930706d9b4896bc43e0d7dd19a1e77d59bfc94d170090c19262caadd68185',
            file_name:
             '598930706d9b4896bc43e0d7dd19a1e77d59bfc94d170090c19262caadd68185',
            size: 274,
            file_type_id: 2,
            create_datetime: '2019-02-27T19:06:20.722459' } ],
       user_id: 1,
       create_datetime: '2019-02-27T19:06:22.851848',
       update_datetime: '2019-02-27T19:06:22.851848',
       job_type_id: 1,
       contacts:
        [ { contacts_id: 9,
            name: 'Larson2',
            job_title: 'Manager',
            email: 'larson@larson.com',
            phone_number: '9999999999',
            notes: '',
            create_datetime: '2019-02-27T19:06:22.875474' },
          { contacts_id: 11,
            name: 'Mark',
            job_title: 'Software Engineer',
            email: 'woah@woah.com',
            phone_number: null,
            notes: 'Correct one this time',
            create_datetime: '2019-02-28T21:59:04.790221' } ] },
     { jobs_id: 173,
       job_title: 'TEST3',
       company_name: 'TEST3',
       link: 'https://google.com',
       notes:
        'I am testing all fields being entered. dsafhiodasn sdfiaosd fasdf sdifoa sdif aosifd oaisdf ososodiafosidf asdoa.fsd saidof dasodfasd.af sldf.asf dsafodsaok',
       attachments:
        [ { file_id: 9,
            original_name: 'init.sql',
            file_path:
             'https://jobtrak.s3.amazonaws.com/e66f58471f1a88c7259248a6a5cafb841dd23fd739ff87d77d2e12d375e8189b',
            file_name:
             'e66f58471f1a88c7259248a6a5cafb841dd23fd739ff87d77d2e12d375e8189b',
            size: 274,
            file_type_id: 2,
            create_datetime: '2019-02-25T22:18:39.884943' } ],
       user_id: 1,
       create_datetime: '2019-02-25T22:18:40.331066',
       update_datetime: '2019-02-25T22:18:40.331066',
       job_type_id: 1,
       contacts: null },
     { jobs_id: 183,
       job_title: 'test13',
       company_name: 'test13',
       link: 'https://google.com',
       notes: null,
       attachments: null,
       user_id: 1,
       create_datetime: '2019-02-25T22:56:46.998087',
       update_datetime: '2019-02-25T22:56:46.998087',
       job_type_id: 2,
       contacts: null },
     { jobs_id: 185,
       job_title: 'test15',
       company_name: 'test15',
       link: 'https://google.com',
       notes: null,
       attachments: null,
       user_id: 1,
       create_datetime: '2019-02-25T23:01:38.421475',
       update_datetime: '2019-02-25T23:01:38.421475',
       job_type_id: 2,
       contacts:
        [ { contacts_id: 7,
            name: 'Harry',
            job_title: 'my job title',
            email: 'my email',
            phone_number: 'my phone',
            notes: 'my notes',
            create_datetime: '2019-02-25T23:01:38.444975' } ] },
     { jobs_id: 181,
       job_title: 'test11',
       company_name: 'test11',
       link: 'https://google.com',
       notes: null,
       attachments: null,
       user_id: 1,
       create_datetime: '2019-02-25T22:51:21.252117',
       update_datetime: '2019-02-25T22:51:21.252117',
       job_type_id: 2,
       contacts:
        [ { contacts_id: 4,
            name: 'Paul',
            job_title: null,
            email: 'my email',
            phone_number: null,
            notes: '',
            create_datetime: '2019-02-25T22:51:21.266733' } ] },
     { jobs_id: 169,
       job_title: 'test2',
       company_name: 'test2',
       link: 'https://google.com',
       notes: null,
       attachments: null,
       user_id: 1,
       create_datetime: '2019-02-25T18:42:01.899626',
       update_datetime: '2019-02-25T18:42:01.899626',
       job_type_id: 3,
       contacts: null },
     { jobs_id: 176,
       job_title: 'test6',
       company_name: 'test6',
       link: 'https://google.com',
       notes: null,
       attachments: null,
       user_id: 1,
       create_datetime: '2019-02-25T22:27:56.609876',
       update_datetime: '2019-02-25T22:27:56.609876',
       job_type_id: 3,
       contacts: null },
     { jobs_id: 179,
       job_title: 'test9',
       company_name: 'test9',
       link: 'https://google.com',
       notes: null,
       attachments: null,
       user_id: 1,
       create_datetime: '2019-02-25T22:42:09.704442',
       update_datetime: '2019-02-25T22:42:09.704442',
       job_type_id: 3,
       contacts:
        [ { contacts_id: 2,
            name: 'Hank',
            job_title: null,
            email: 'my email',
            phone_number: null,
            notes: '',
            create_datetime: '2019-02-25T22:42:09.716969' } ] },
     { jobs_id: 167,
       job_title: 'test',
       company_name: 'test',
       link: 'https://google.com',
       notes: null,
       attachments: null,
       user_id: 1,
       create_datetime: '2019-02-25T17:56:18.351474',
       update_datetime: '2019-02-25T17:56:18.351474',
       job_type_id: 3,
       contacts: null },
     { jobs_id: 174,
       job_title: 'test4',
       company_name: 'test4',
       link: 'https://google.com',
       notes: 'WOW',
       attachments: null,
       user_id: 1,
       create_datetime: '2019-02-25T22:19:31.926391',
       update_datetime: '2019-02-25T22:19:31.926391',
       job_type_id: 4,
       contacts: null },
     { jobs_id: 180,
       job_title: 'test10',
       company_name: 'test10',
       link: 'https://google.com',
       notes: null,
       attachments: null,
       user_id: 1,
       create_datetime: '2019-02-25T22:43:26.281122',
       update_datetime: '2019-02-25T22:43:26.281122',
       job_type_id: 4,
       contacts:
        [ { contacts_id: 3,
            name: 'fred',
            job_title: null,
            email: 'my email',
            phone_number: null,
            notes: '',
            create_datetime: '2019-02-25T22:43:26.29559' } ] },
     { jobs_id: 175,
       job_title: 'test5',
       company_name: 'test5',
       link: 'https://google.com',
       notes: null,
       attachments: null,
       user_id: 1,
       create_datetime: '2019-02-25T22:27:27.457932',
       update_datetime: '2019-02-25T22:27:27.457932',
       job_type_id: 4,
       contacts: null },
     { jobs_id: 184,
       job_title: 'test14',
       company_name: 'test14',
       link: 'https://google.com',
       notes: null,
       attachments: null,
       user_id: 1,
       create_datetime: '2019-02-25T22:58:51.826084',
       update_datetime: '2019-02-25T22:58:51.826084',
       job_type_id: 4,
       contacts: null },
     { jobs_id: 182,
       job_title: 'test12',
       company_name: 'test12',
       link: 'https://google.com',
       notes: null,
       attachments: null,
       user_id: 1,
       create_datetime: '2019-02-25T22:54:34.932397',
       update_datetime: '2019-02-25T22:54:34.932397',
       job_type_id: 4,
       contacts:
        [ { contacts_id: 5,
            name: 'alan',
            job_title: null,
            email: 'my email',
            phone_number: null,
            notes: '',
            create_datetime: '2019-02-25T22:54:34.95078' } ] },
     { jobs_id: 177,
       job_title: 'test7',
       company_name: 'test7',
       link: 'https://google.com',
       notes: null,
       attachments: null,
       user_id: 1,
       create_datetime: '2019-02-25T22:36:01.664644',
       update_datetime: '2019-02-25T22:36:01.664644',
       job_type_id: 4,
       contacts: null },
     { jobs_id: 178,
       job_title: 'test8',
       company_name: 'test8',
       link: 'https://google.com',
       notes: null,
       attachments: null,
       user_id: 1,
       create_datetime: '2019-02-25T22:39:18.643349',
       update_datetime: '2019-02-25T22:39:18.643349',
       job_type_id: 4,
       contacts:
        [ { contacts_id: 1,
            name: 'Julia',
            job_title: null,
            email: 'my@email.com',
            phone_number: null,
            notes: '',
            create_datetime: '2019-02-25T22:39:18.655693' } ] } ],
  level: 'info',
  message: '/job/id/:id DATA:',
  timestamp: '2019-03-04T03:22:41.899Z' }
